<?xml version="1.0" encoding="UTF-8"?>
<!-- Generated by org.testng.reporters.JUnitReportReporter -->
<testsuite skipped="0" hostname="LAPTOP-U08S3ANA" name="com.crm.testcases.ContactsPageTest" tests="1" failures="0" timestamp="14 Apr 2020 10:56:34 GMT" time="13.914" errors="0">
  <testcase name="VerifyContactLabelTest" time="13.914" classname="com.crm.testcases.ContactsPageTest"/>
</testsuite> <!-- com.crm.testcases.ContactsPageTest -->
