<?xml version="1.0" encoding="UTF-8"?>
<!-- Generated by org.testng.reporters.JUnitReportReporter -->
<testsuite skipped="0" hostname="LAPTOP-U08S3ANA" name="com.crm.testcases.LandingPageTest" tests="1" failures="0" timestamp="14 Apr 2020 10:56:34 GMT" time="11.624" errors="0">
  <testcase name="ValidateLandingPageTitleTest" time="11.624" classname="com.crm.testcases.LandingPageTest"/>
</testsuite> <!-- com.crm.testcases.LandingPageTest -->
